<?xml version="1.0" encoding="UTF-8"?>
<testng-results skipped="0" failed="0" total="0" passed="0">
  <reporter-output>
  </reporter-output>
  <suite name="com.task.macys.AppTest" duration-ms="5" started-at="2015-12-05T21:58:40Z" finished-at="2015-12-05T21:58:40Z">
    <groups>
    </groups>
    <test name="Command line test" duration-ms="5" started-at="2015-12-05T21:58:40Z" finished-at="2015-12-05T21:58:40Z">
    </test> <!-- Command line test -->
  </suite> <!-- com.task.macys.AppTest -->
</testng-results>
