<?xml version="1.0" encoding="UTF-8"?>
<!-- Generated by org.testng.reporters.JUnitXMLReporter -->
<testsuite hostname="nandhini-PC" name="Command line test" tests="3" failures="0" timestamp="27 Nov 2015 22:28:11 GMT" time="0.028" errors="0">
  <testcase name="B" time="0.001" classname="com.nike.automation.test.Testng"/>
  <testcase name="C" time="0.001" classname="com.nike.automation.test.Testng"/>
  <testcase name="D" time="0.001" classname="com.nike.automation.test.Testng"/>
</testsuite> <!-- Command line test -->
