<?xml version="1.0" encoding="UTF-8"?>
<testng-results skipped="0" failed="0" total="3" passed="3">
  <reporter-output>
  </reporter-output>
  <suite name="com.nike.automation.test.Testng" duration-ms="28" started-at="2015-11-27T22:28:11Z" finished-at="2015-11-27T22:28:11Z">
    <groups>
    </groups>
    <test name="Command line test" duration-ms="28" started-at="2015-11-27T22:28:11Z" finished-at="2015-11-27T22:28:11Z">
      <class name="com.nike.automation.test.Testng">
        <test-method status="PASS" signature="login()[pri:0, instance:com.nike.automation.test.Testng@396a51ab]" name="login" is-config="true" duration-ms="8" started-at="2015-11-27T17:28:11Z" finished-at="2015-11-27T17:28:11Z">
          <reporter-output>
          </reporter-output>
        </test-method> <!-- login -->
        <test-method status="PASS" signature="B()[pri:0, instance:com.nike.automation.test.Testng@396a51ab]" name="B" duration-ms="1" started-at="2015-11-27T17:28:11Z" finished-at="2015-11-27T17:28:11Z">
          <reporter-output>
          </reporter-output>
        </test-method> <!-- B -->
        <test-method status="PASS" signature="logout()[pri:0, instance:com.nike.automation.test.Testng@396a51ab]" name="logout" is-config="true" duration-ms="0" started-at="2015-11-27T17:28:11Z" finished-at="2015-11-27T17:28:11Z">
          <reporter-output>
          </reporter-output>
        </test-method> <!-- logout -->
        <test-method status="PASS" signature="C()[pri:0, instance:com.nike.automation.test.Testng@396a51ab]" name="C" duration-ms="1" started-at="2015-11-27T17:28:11Z" finished-at="2015-11-27T17:28:11Z">
          <reporter-output>
          </reporter-output>
        </test-method> <!-- C -->
        <test-method status="PASS" signature="login()[pri:0, instance:com.nike.automation.test.Testng@396a51ab]" name="login" is-config="true" duration-ms="0" started-at="2015-11-27T17:28:11Z" finished-at="2015-11-27T17:28:11Z">
          <reporter-output>
          </reporter-output>
        </test-method> <!-- login -->
        <test-method status="PASS" signature="logout()[pri:0, instance:com.nike.automation.test.Testng@396a51ab]" name="logout" is-config="true" duration-ms="0" started-at="2015-11-27T17:28:11Z" finished-at="2015-11-27T17:28:11Z">
          <reporter-output>
          </reporter-output>
        </test-method> <!-- logout -->
        <test-method status="PASS" signature="D()[pri:0, instance:com.nike.automation.test.Testng@396a51ab]" name="D" duration-ms="1" started-at="2015-11-27T17:28:11Z" finished-at="2015-11-27T17:28:11Z">
          <reporter-output>
          </reporter-output>
        </test-method> <!-- D -->
        <test-method status="PASS" signature="login()[pri:0, instance:com.nike.automation.test.Testng@396a51ab]" name="login" is-config="true" duration-ms="0" started-at="2015-11-27T17:28:11Z" finished-at="2015-11-27T17:28:11Z">
          <reporter-output>
          </reporter-output>
        </test-method> <!-- login -->
        <test-method status="PASS" signature="logout()[pri:0, instance:com.nike.automation.test.Testng@396a51ab]" name="logout" is-config="true" duration-ms="0" started-at="2015-11-27T17:28:11Z" finished-at="2015-11-27T17:28:11Z">
          <reporter-output>
          </reporter-output>
        </test-method> <!-- logout -->
      </class> <!-- com.nike.automation.test.Testng -->
    </test> <!-- Command line test -->
  </suite> <!-- com.nike.automation.test.Testng -->
</testng-results>
